<?xml version="1.0" encoding="UTF-8"?>
<!-- Generated by org.testng.reporters.JUnitReportReporter -->
<testsuite hostname="Nishanth" failures="0" tests="1" name="com.freecrm.qa.testcases.WomensPageTest" time="75.192" errors="0" timestamp="2020-09-29T16:17:23 IST" skipped="0">
  <testcase classname="com.freecrm.qa.testcases.WomensPageTest" name="womensPageTitleTest" time="75.192"/>
  <system-out/>
</testsuite> <!-- com.freecrm.qa.testcases.WomensPageTest -->
